
> my-v0-project@0.1.0 dev
> next dev

   ▲ Next.js 15.2.4
   - Local:        http://localhost:3000
   - Network:      http://192.168.0.2:3000

 ✓ Starting...
 ✓ Ready in 3.8s
 ○ Compiling / ...
 ✓ Compiled / in 7.5s (1192 modules)
 GET / 200 in 9019ms
 ✓ Compiled in 1647ms (574 modules)
 ✓ Compiled in 475ms (574 modules)
 ✓ Compiled in 455ms (574 modules)
 ✓ Compiled in 656ms (574 modules)
 ✓ Compiled in 543ms (574 modules)
 ✓ Compiled in 751ms (574 modules)
 ✓ Compiled in 554ms (574 modules)
 ✓ Compiled in 639ms (574 modules)
 GET / 200 in 456ms
 ✓ Compiled in 595ms (574 modules)
 GET / 200 in 159ms
 ✓ Compiled in 639ms (574 modules)
 GET / 200 in 562ms
 ✓ Compiled in 664ms (574 modules)
 GET / 200 in 308ms
 ✓ Compiled in 511ms (574 modules)
 ✓ Compiled in 461ms (574 modules)
 ✓ Compiled in 468ms (574 modules)
